build/app/intermediates/manifest_merge_blame_file/debug/manifest-merger-blame-debug-report.txt
1<?xml version="1.0" encoding="utf-8"?>
2<manifest xmlns:android="http://schemas.android.com/apk/res/android"
3    package="com.AdityaVarma.glee"
4    android:versionCode="1"
5    android:versionName="1.0.0" >
6
7    <uses-sdk
8        android:minSdkVersion="16"
9        android:targetSdkVersion="28" />
10    <!--
11         Flutter needs it to communicate with the running application
12         to allow setting breakpoints, to provide hot reload, etc.
13    -->
14    <uses-permission android:name="android.permission.INTERNET" />
14-->src\debug\AndroidManifest.xml:6:5-66
14-->src\debug\AndroidManifest.xml:6:22-64
15    <!-- Although the *SdkVersion is captured in gradle build files, this is required for non gradle builds -->
16    <!-- <uses-sdk android:minSdkVersion="14" /> -->
17    <uses-permission android:name="android.permission.ACCESS_NETWORK_STATE" />
17-->[com.google.firebase:firebase-firestore:18.2.0] AndroidManifest.xml:13:5-79
17-->[com.google.firebase:firebase-firestore:18.2.0] AndroidManifest.xml:13:22-76
18    <uses-permission android:name="android.permission.WAKE_LOCK" />
18-->[com.google.firebase:firebase-measurement-connector-impl:17.0.2] AndroidManifest.xml:24:5-68
18-->[com.google.firebase:firebase-measurement-connector-impl:17.0.2] AndroidManifest.xml:24:22-65
19    <uses-permission android:name="com.google.android.finsky.permission.BIND_GET_INSTALL_REFERRER_SERVICE" /> <!-- Required by older versions of Google Play services to create IID tokens -->
19-->[com.google.firebase:firebase-analytics:16.0.4] AndroidManifest.xml:26:5-110
19-->[com.google.firebase:firebase-analytics:16.0.4] AndroidManifest.xml:26:22-107
20    <uses-permission android:name="com.google.android.c2dm.permission.RECEIVE" />
20-->[com.google.firebase:firebase-iid:17.0.3] AndroidManifest.xml:26:5-82
20-->[com.google.firebase:firebase-iid:17.0.3] AndroidManifest.xml:26:22-79
21    <!--
22 io.flutter.app.FlutterApplication is an android.app.Application that
23         calls FlutterMain.startInitialization(this); in its onCreate method.
24         In most cases you can leave this as-is, but you if you want to provide
25         additional functionality it is fine to subclass or reimplement
26         FlutterApplication and put your custom class here.
27    -->
28    <application
28-->src\main\AndroidManifest.xml:8:5-46:19
29        android:name="io.flutter.app.FlutterApplication"
29-->src\main\AndroidManifest.xml:9:9-57
30        android:appComponentFactory="androidx.core.app.CoreComponentFactory"
30-->[androidx.core:core:1.1.0] AndroidManifest.xml:24:18-86
31        android:debuggable="true"
32        android:icon="@mipmap/ic_launcher"
32-->src\main\AndroidManifest.xml:11:9-43
33        android:label="glee" >
33-->src\main\AndroidManifest.xml:10:9-29
34        <activity
34-->src\main\AndroidManifest.xml:12:9-40:20
35            android:name="com.example.glee.MainActivity"
35-->src\main\AndroidManifest.xml:13:13-41
36            android:configChanges="orientation|keyboardHidden|keyboard|screenSize|smallestScreenSize|locale|layoutDirection|fontScale|screenLayout|density|uiMode"
36-->src\main\AndroidManifest.xml:16:13-163
37            android:hardwareAccelerated="true"
37-->src\main\AndroidManifest.xml:17:13-47
38            android:launchMode="singleTop"
38-->src\main\AndroidManifest.xml:14:13-43
39            android:theme="@style/LaunchTheme"
39-->src\main\AndroidManifest.xml:15:13-47
40            android:windowSoftInputMode="adjustResize" >
40-->src\main\AndroidManifest.xml:18:13-55
41
42            <!--
43                 Specifies an Android theme to apply to this Activity as soon as
44                 the Android process has started. This theme is visible to the user
45                 while the Flutter UI initializes. After that, this theme continues
46                 to determine the Window background behind the Flutter UI.
47            -->
48            <meta-data
48-->src\main\AndroidManifest.xml:23:13-26:17
49                android:name="io.flutter.embedding.android.NormalTheme"
49-->src\main\AndroidManifest.xml:24:15-70
50                android:resource="@style/NormalTheme" />
50-->src\main\AndroidManifest.xml:25:15-52
51            <!--
52                 Displays an Android View that continues showing the launch screen
53                 Drawable until Flutter paints its first frame, then this splash
54                 screen fades out. A splash screen is useful to avoid any visual
55                 gap between the end of Android's launch screen and the painting of
56                 Flutter's first frame.
57            -->
58            <meta-data
58-->src\main\AndroidManifest.xml:32:13-35:17
59                android:name="io.flutter.embedding.android.SplashScreenDrawable"
59-->src\main\AndroidManifest.xml:33:15-79
60                android:resource="@drawable/launch_background" />
60-->src\main\AndroidManifest.xml:34:15-61
61
62            <intent-filter>
62-->src\main\AndroidManifest.xml:36:13-39:29
63                <action android:name="android.intent.action.MAIN" />
63-->src\main\AndroidManifest.xml:37:17-68
63-->src\main\AndroidManifest.xml:37:25-66
64
65                <category android:name="android.intent.category.LAUNCHER" />
65-->src\main\AndroidManifest.xml:38:17-76
65-->src\main\AndroidManifest.xml:38:27-74
66            </intent-filter>
67        </activity>
68        <!--
69             Don't delete the meta-data below.
70             This is used by the Flutter tool to generate GeneratedPluginRegistrant.java
71        -->
72        <meta-data
72-->src\main\AndroidManifest.xml:43:9-45:33
73            android:name="flutterEmbedding"
73-->src\main\AndroidManifest.xml:44:13-44
74            android:value="2" />
74-->src\main\AndroidManifest.xml:45:13-30
75
76        <activity
76-->[:url_launcher] AndroidManifest.xml:8:9-11:74
77            android:name="io.flutter.plugins.urllauncher.WebViewActivity"
77-->[:url_launcher] AndroidManifest.xml:9:13-74
78            android:exported="false"
78-->[:url_launcher] AndroidManifest.xml:10:13-37
79            android:theme="@android:style/Theme.NoTitleBar.Fullscreen" />
79-->[:url_launcher] AndroidManifest.xml:11:13-71
80
81        <service
81-->[com.google.firebase:firebase-firestore:18.2.0] AndroidManifest.xml:17:9-21:19
82            android:name="com.google.firebase.components.ComponentDiscoveryService"
82-->[com.google.firebase:firebase-firestore:18.2.0] AndroidManifest.xml:17:18-89
83            android:exported="false" >
83-->[com.google.firebase:firebase-auth:16.0.5] AndroidManifest.xml:35:13-37
84            <meta-data
84-->[com.google.firebase:firebase-firestore:18.2.0] AndroidManifest.xml:18:13-20:85
85                android:name="com.google.firebase.components:com.google.firebase.firestore.FirestoreRegistrar"
85-->[com.google.firebase:firebase-firestore:18.2.0] AndroidManifest.xml:19:17-111
86                android:value="com.google.firebase.components.ComponentRegistrar" />
86-->[com.google.firebase:firebase-firestore:18.2.0] AndroidManifest.xml:20:17-82
87            <meta-data
87-->[com.google.firebase:firebase-auth:16.0.5] AndroidManifest.xml:36:13-38:85
88                android:name="com.google.firebase.components:com.google.firebase.auth.FirebaseAuthRegistrar"
88-->[com.google.firebase:firebase-auth:16.0.5] AndroidManifest.xml:37:17-109
89                android:value="com.google.firebase.components.ComponentRegistrar" />
89-->[com.google.firebase:firebase-auth:16.0.5] AndroidManifest.xml:38:17-82
90            <meta-data
90-->[com.google.firebase:firebase-measurement-connector-impl:17.0.2] AndroidManifest.xml:28:13-30:85
91                android:name="com.google.firebase.components:com.google.firebase.analytics.connector.internal.AnalyticsConnectorRegistrar"
91-->[com.google.firebase:firebase-measurement-connector-impl:17.0.2] AndroidManifest.xml:29:17-139
92                android:value="com.google.firebase.components.ComponentRegistrar" />
92-->[com.google.firebase:firebase-measurement-connector-impl:17.0.2] AndroidManifest.xml:30:17-82
93            <meta-data
93-->[com.google.firebase:firebase-iid:17.0.3] AndroidManifest.xml:32:13-34:85
94                android:name="com.google.firebase.components:com.google.firebase.iid.Registrar"
94-->[com.google.firebase:firebase-iid:17.0.3] AndroidManifest.xml:33:17-96
95                android:value="com.google.firebase.components.ComponentRegistrar" />
95-->[com.google.firebase:firebase-iid:17.0.3] AndroidManifest.xml:34:17-82
96        </service>
97
98        <activity
98-->[com.google.firebase:firebase-auth:16.0.5] AndroidManifest.xml:24:9-31:50
99            android:name="com.google.firebase.auth.internal.FederatedSignInActivity"
99-->[com.google.firebase:firebase-auth:16.0.5] AndroidManifest.xml:25:13-85
100            android:excludeFromRecents="true"
100-->[com.google.firebase:firebase-auth:16.0.5] AndroidManifest.xml:26:13-46
101            android:exported="true"
101-->[com.google.firebase:firebase-auth:16.0.5] AndroidManifest.xml:27:13-36
102            android:launchMode="singleTask"
102-->[com.google.firebase:firebase-auth:16.0.5] AndroidManifest.xml:28:13-44
103            android:permission="com.google.firebase.auth.api.gms.permission.LAUNCH_FEDERATED_SIGN_IN"
103-->[com.google.firebase:firebase-auth:16.0.5] AndroidManifest.xml:29:13-102
104            android:theme="@android:style/Theme.Translucent.NoTitleBar" />
104-->[com.google.firebase:firebase-auth:16.0.5] AndroidManifest.xml:30:13-72
105
106        <receiver
106-->[com.google.firebase:firebase-analytics:16.0.4] AndroidManifest.xml:29:9-33:20
107            android:name="com.google.android.gms.measurement.AppMeasurementReceiver"
107-->[com.google.firebase:firebase-analytics:16.0.4] AndroidManifest.xml:30:13-85
108            android:enabled="true"
108-->[com.google.firebase:firebase-analytics:16.0.4] AndroidManifest.xml:31:13-35
109            android:exported="false" >
109-->[com.google.firebase:firebase-analytics:16.0.4] AndroidManifest.xml:32:13-37
110        </receiver>
111        <receiver
111-->[com.google.firebase:firebase-analytics:16.0.4] AndroidManifest.xml:34:9-42:20
112            android:name="com.google.android.gms.measurement.AppMeasurementInstallReferrerReceiver"
112-->[com.google.firebase:firebase-analytics:16.0.4] AndroidManifest.xml:35:13-100
113            android:enabled="true"
113-->[com.google.firebase:firebase-analytics:16.0.4] AndroidManifest.xml:36:13-35
114            android:exported="true"
114-->[com.google.firebase:firebase-analytics:16.0.4] AndroidManifest.xml:37:13-36
115            android:permission="android.permission.INSTALL_PACKAGES" >
115-->[com.google.firebase:firebase-analytics:16.0.4] AndroidManifest.xml:38:13-69
116            <intent-filter>
116-->[com.google.firebase:firebase-analytics:16.0.4] AndroidManifest.xml:39:13-41:29
117                <action android:name="com.android.vending.INSTALL_REFERRER" />
117-->[com.google.firebase:firebase-analytics:16.0.4] AndroidManifest.xml:40:17-79
117-->[com.google.firebase:firebase-analytics:16.0.4] AndroidManifest.xml:40:25-76
118            </intent-filter>
119        </receiver>
120
121        <service
121-->[com.google.firebase:firebase-analytics:16.0.4] AndroidManifest.xml:44:9-47:40
122            android:name="com.google.android.gms.measurement.AppMeasurementService"
122-->[com.google.firebase:firebase-analytics:16.0.4] AndroidManifest.xml:45:13-84
123            android:enabled="true"
123-->[com.google.firebase:firebase-analytics:16.0.4] AndroidManifest.xml:46:13-35
124            android:exported="false" />
124-->[com.google.firebase:firebase-analytics:16.0.4] AndroidManifest.xml:47:13-37
125        <service
125-->[com.google.firebase:firebase-analytics:16.0.4] AndroidManifest.xml:48:9-52:72
126            android:name="com.google.android.gms.measurement.AppMeasurementJobService"
126-->[com.google.firebase:firebase-analytics:16.0.4] AndroidManifest.xml:49:13-87
127            android:enabled="true"
127-->[com.google.firebase:firebase-analytics:16.0.4] AndroidManifest.xml:50:13-35
128            android:exported="false"
128-->[com.google.firebase:firebase-analytics:16.0.4] AndroidManifest.xml:51:13-37
129            android:permission="android.permission.BIND_JOB_SERVICE" />
129-->[com.google.firebase:firebase-analytics:16.0.4] AndroidManifest.xml:52:13-69
130
131        <receiver
131-->[com.google.firebase:firebase-iid:17.0.3] AndroidManifest.xml:37:9-44:20
132            android:name="com.google.firebase.iid.FirebaseInstanceIdReceiver"
132-->[com.google.firebase:firebase-iid:17.0.3] AndroidManifest.xml:38:13-78
133            android:exported="true"
133-->[com.google.firebase:firebase-iid:17.0.3] AndroidManifest.xml:39:13-36
134            android:permission="com.google.android.c2dm.permission.SEND" >
134-->[com.google.firebase:firebase-iid:17.0.3] AndroidManifest.xml:40:13-73
135            <intent-filter>
135-->[com.google.firebase:firebase-iid:17.0.3] AndroidManifest.xml:41:13-43:29
136                <action android:name="com.google.android.c2dm.intent.RECEIVE" />
136-->[com.google.firebase:firebase-iid:17.0.3] AndroidManifest.xml:42:17-81
136-->[com.google.firebase:firebase-iid:17.0.3] AndroidManifest.xml:42:25-78
137            </intent-filter>
138        </receiver>
139        <!--
140             FirebaseInstanceIdService performs security checks at runtime,
141             no need for explicit permissions despite exported="true"
142        -->
143        <service
143-->[com.google.firebase:firebase-iid:17.0.3] AndroidManifest.xml:50:9-56:19
144            android:name="com.google.firebase.iid.FirebaseInstanceIdService"
144-->[com.google.firebase:firebase-iid:17.0.3] AndroidManifest.xml:51:13-77
145            android:exported="true" >
145-->[com.google.firebase:firebase-iid:17.0.3] AndroidManifest.xml:52:13-36
146            <intent-filter android:priority="-500" >
146-->[com.google.firebase:firebase-iid:17.0.3] AndroidManifest.xml:53:13-55:29
146-->[com.google.firebase:firebase-iid:17.0.3] AndroidManifest.xml:53:28-51
147                <action android:name="com.google.firebase.INSTANCE_ID_EVENT" />
147-->[com.google.firebase:firebase-iid:17.0.3] AndroidManifest.xml:54:17-80
147-->[com.google.firebase:firebase-iid:17.0.3] AndroidManifest.xml:54:25-77
148            </intent-filter>
149        </service>
150
151        <activity
151-->[com.google.android.gms:play-services-base:16.0.1] AndroidManifest.xml:23:9-26:75
152            android:name="com.google.android.gms.common.api.GoogleApiActivity"
152-->[com.google.android.gms:play-services-base:16.0.1] AndroidManifest.xml:24:13-79
153            android:exported="false"
153-->[com.google.android.gms:play-services-base:16.0.1] AndroidManifest.xml:25:13-37
154            android:theme="@android:style/Theme.Translucent.NoTitleBar" />
154-->[com.google.android.gms:play-services-base:16.0.1] AndroidManifest.xml:26:13-72
155
156        <provider
156-->[com.google.firebase:firebase-common:16.1.0] AndroidManifest.xml:12:9-16:39
157            android:name="com.google.firebase.provider.FirebaseInitProvider"
157-->[com.google.firebase:firebase-common:16.1.0] AndroidManifest.xml:13:13-77
158            android:authorities="com.AdityaVarma.glee.firebaseinitprovider"
158-->[com.google.firebase:firebase-common:16.1.0] AndroidManifest.xml:14:13-72
159            android:exported="false"
159-->[com.google.firebase:firebase-common:16.1.0] AndroidManifest.xml:15:13-37
160            android:initOrder="100" />
160-->[com.google.firebase:firebase-common:16.1.0] AndroidManifest.xml:16:13-36
161
162        <meta-data
162-->[com.google.android.gms:play-services-basement:16.1.0] AndroidManifest.xml:23:9-25:69
163            android:name="com.google.android.gms.version"
163-->[com.google.android.gms:play-services-basement:16.1.0] AndroidManifest.xml:24:13-58
164            android:value="@integer/google_play_services_version" />
164-->[com.google.android.gms:play-services-basement:16.1.0] AndroidManifest.xml:25:13-66
165    </application>
166
167</manifest>